INFO [2026-01-16 21:27:32] $x
INFO [2026-01-16 21:27:32] genes
INFO [2026-01-16 21:27:32] 
INFO [2026-01-16 21:27:32] $category.names
INFO [2026-01-16 21:27:32] c("SVM-RFE", "LASSO", "WGCNA")
INFO [2026-01-16 21:27:32] 
INFO [2026-01-16 21:27:32] $filename
INFO [2026-01-16 21:27:32] [1] "Data/VennDiagram_genes.png"
INFO [2026-01-16 21:27:32] 
INFO [2026-01-16 21:27:32] $output
INFO [2026-01-16 21:27:32] [1] TRUE
INFO [2026-01-16 21:27:32] 
INFO [2026-01-16 21:27:32] $lwd
INFO [2026-01-16 21:27:32] [1] 2
INFO [2026-01-16 21:27:32] 
INFO [2026-01-16 21:27:32] $lty
INFO [2026-01-16 21:27:32] [1] "blank"
INFO [2026-01-16 21:27:32] 
INFO [2026-01-16 21:27:32] $fill
INFO [2026-01-16 21:27:32] brewer.pal(3, "Pastel2")
INFO [2026-01-16 21:27:32] 
INFO [2026-01-16 21:27:32] $cex
INFO [2026-01-16 21:27:32] [1] 1.5
INFO [2026-01-16 21:27:32] 
INFO [2026-01-16 21:27:32] $fontfamily
INFO [2026-01-16 21:27:32] [1] "sans"
INFO [2026-01-16 21:27:32] 
INFO [2026-01-16 21:27:32] $cat.cex
INFO [2026-01-16 21:27:32] [1] 1.8
INFO [2026-01-16 21:27:32] 
INFO [2026-01-16 21:27:32] $cat.fontface
INFO [2026-01-16 21:27:32] [1] "bold"
INFO [2026-01-16 21:27:32] 
INFO [2026-01-16 21:27:32] $cat.default.pos
INFO [2026-01-16 21:27:32] [1] "outer"
INFO [2026-01-16 21:27:32] 
INFO [2026-01-16 21:27:32] $cat.pos
INFO [2026-01-16 21:27:32] c(-27, 27, 135)
INFO [2026-01-16 21:27:32] 
INFO [2026-01-16 21:27:32] $cat.dist
INFO [2026-01-16 21:27:32] c(0.055, 0.055, 0.085)
INFO [2026-01-16 21:27:32] 
INFO [2026-01-16 21:27:32] $cat.fontfamily
INFO [2026-01-16 21:27:32] [1] "sans"
INFO [2026-01-16 21:27:32] 
INFO [2026-01-16 21:27:32] $rotation
INFO [2026-01-16 21:27:32] [1] 1
INFO [2026-01-16 21:27:32] 
