INFO [2026-01-16 21:27:08] $x
INFO [2026-01-16 21:27:08] genes
INFO [2026-01-16 21:27:08] 
INFO [2026-01-16 21:27:08] $category.names
INFO [2026-01-16 21:27:08] c("SVM-RFE", "LASSO", "WGCNA")
INFO [2026-01-16 21:27:08] 
INFO [2026-01-16 21:27:08] $filename
INFO [2026-01-16 21:27:08] [1] "Data/VennDiagram_genes.png"
INFO [2026-01-16 21:27:08] 
INFO [2026-01-16 21:27:08] $output
INFO [2026-01-16 21:27:08] [1] TRUE
INFO [2026-01-16 21:27:08] 
INFO [2026-01-16 21:27:08] $lwd
INFO [2026-01-16 21:27:08] [1] 2
INFO [2026-01-16 21:27:08] 
INFO [2026-01-16 21:27:08] $lty
INFO [2026-01-16 21:27:08] [1] "blank"
INFO [2026-01-16 21:27:08] 
INFO [2026-01-16 21:27:08] $fill
INFO [2026-01-16 21:27:08] brewer.pal(3, "Pastel2")
INFO [2026-01-16 21:27:08] 
INFO [2026-01-16 21:27:08] $cex
INFO [2026-01-16 21:27:08] [1] 1.5
INFO [2026-01-16 21:27:08] 
INFO [2026-01-16 21:27:08] $fontfamily
INFO [2026-01-16 21:27:08] [1] "sans"
INFO [2026-01-16 21:27:08] 
INFO [2026-01-16 21:27:08] $cat.cex
INFO [2026-01-16 21:27:08] [1] 2
INFO [2026-01-16 21:27:08] 
INFO [2026-01-16 21:27:08] $cat.fontface
INFO [2026-01-16 21:27:08] [1] "bold"
INFO [2026-01-16 21:27:08] 
INFO [2026-01-16 21:27:08] $cat.default.pos
INFO [2026-01-16 21:27:08] [1] "outer"
INFO [2026-01-16 21:27:08] 
INFO [2026-01-16 21:27:08] $cat.pos
INFO [2026-01-16 21:27:08] c(-27, 27, 135)
INFO [2026-01-16 21:27:08] 
INFO [2026-01-16 21:27:08] $cat.dist
INFO [2026-01-16 21:27:08] c(0.055, 0.055, 0.085)
INFO [2026-01-16 21:27:08] 
INFO [2026-01-16 21:27:08] $cat.fontfamily
INFO [2026-01-16 21:27:08] [1] "sans"
INFO [2026-01-16 21:27:08] 
INFO [2026-01-16 21:27:08] $rotation
INFO [2026-01-16 21:27:08] [1] 1
INFO [2026-01-16 21:27:08] 
